<?xml version="1.0" encoding="UTF-8" standalone="no"?>
<!DOCTYPE log SYSTEM "logger.dtd">
<log>
<record>
  <date>2023-03-22T09:10:58.959-0300</date>
  <logger>NATHAN ANDRADE HENRIQUES</logger>
  <level>FINE</level>
  <message>File 118110494-NATHAN ANDRADE HENRIQUES.zip was received. It was sent by NATHAN ANDRADE HENRIQUES from IP 150.165.42.138 at 22-03-2023 09*10*58</message>
</record>
</log>
<?xml version="1.0" encoding="UTF-8" standalone="no"?>
<!DOCTYPE log SYSTEM "logger.dtd">
<log>
<record>
  <date>2023-03-22T09:15:27.432-0300</date>
  <logger>NATHAN ANDRADE HENRIQUES</logger>
  <level>FINE</level>
  <message>File 118110494-NATHAN ANDRADE HENRIQUES.zip was received. It was sent by NATHAN ANDRADE HENRIQUES from IP 150.165.42.138 at 22-03-2023 09*15*27</message>
</record>
</log>
<?xml version="1.0" encoding="UTF-8" standalone="no"?>
<!DOCTYPE log SYSTEM "logger.dtd">
<log>
<record>
  <date>2023-03-24T11:09:11.235-0300</date>
  <logger>NATHAN ANDRADE HENRIQUES</logger>
  <level>FINE</level>
  <message>File 118110494-NATHAN ANDRADE HENRIQUES.zip was received. It was sent by NATHAN ANDRADE HENRIQUES from IP 150.165.42.134 at 24-03-2023 11*09*11</message>
</record>
