<?xml version="1.0" encoding="UTF-8" standalone="no"?>
<!DOCTYPE log SYSTEM "logger.dtd">
<log>
<record>
  <date>2023-04-12T08:40:51.929-0300</date>
  <logger>NATHAN ANDRADE HENRIQUES</logger>
  <level>FINE</level>
  <message>File 118110494-NATHAN ANDRADE HENRIQUES.zip was received. It was sent by NATHAN ANDRADE HENRIQUES from IP 150.165.42.180 at 12-04-2023 08*40*51</message>
</record>
</log>
<?xml version="1.0" encoding="UTF-8" standalone="no"?>
<!DOCTYPE log SYSTEM "logger.dtd">
<log>
<record>
  <date>2023-04-14T10:22:52.260-0300</date>
  <logger>NATHAN ANDRADE HENRIQUES</logger>
  <level>FINE</level>
  <message>File 118110494-NATHAN ANDRADE HENRIQUES.zip was received. It was sent by NATHAN ANDRADE HENRIQUES from IP 150.165.42.116 at 14-04-2023 10*22*52</message>
</record>
</log>
<?xml version="1.0" encoding="UTF-8" standalone="no"?>
<!DOCTYPE log SYSTEM "logger.dtd">
<log>
<record>
  <date>2023-04-14T10:24:07.150-0300</date>
  <logger>NATHAN ANDRADE HENRIQUES</logger>
  <level>FINE</level>
  <message>File 118110494-NATHAN ANDRADE HENRIQUES.zip was received. It was sent by NATHAN ANDRADE HENRIQUES from IP 150.165.42.116 at 14-04-2023 10*24*07</message>
</record>
</log>
<?xml version="1.0" encoding="UTF-8" standalone="no"?>
<!DOCTYPE log SYSTEM "logger.dtd">
<log>
<record>
  <date>2023-04-14T10:30:19.185-0300</date>
  <logger>NATHAN ANDRADE HENRIQUES</logger>
  <level>FINE</level>
  <message>File 118110494-NATHAN ANDRADE HENRIQUES.zip was received. It was sent by NATHAN ANDRADE HENRIQUES from IP 150.165.42.116 at 14-04-2023 10*30*19</message>
</record>
</log>
<?xml version="1.0" encoding="UTF-8" standalone="no"?>
<!DOCTYPE log SYSTEM "logger.dtd">
<log>
<record>
  <date>2023-04-14T10:30:54.391-0300</date>
  <logger>NATHAN ANDRADE HENRIQUES</logger>
  <level>FINE</level>
  <message>File 118110494-NATHAN ANDRADE HENRIQUES.zip was received. It was sent by NATHAN ANDRADE HENRIQUES from IP 150.165.42.116 at 14-04-2023 10*30*54</message>
</record>
</log>
<?xml version="1.0" encoding="UTF-8" standalone="no"?>
<!DOCTYPE log SYSTEM "logger.dtd">
<log>
<record>
  <date>2023-04-14T10:31:31.792-0300</date>
  <logger>NATHAN ANDRADE HENRIQUES</logger>
  <level>FINE</level>
  <message>File 118110494-NATHAN ANDRADE HENRIQUES.zip was received. It was sent by NATHAN ANDRADE HENRIQUES from IP 150.165.42.116 at 14-04-2023 10*31*31</message>
</record>
</log>
<?xml version="1.0" encoding="UTF-8" standalone="no"?>
<!DOCTYPE log SYSTEM "logger.dtd">
<log>
<record>
  <date>2023-04-14T11:26:54.997-0300</date>
  <logger>NATHAN ANDRADE HENRIQUES</logger>
  <level>FINE</level>
  <message>File 118110494-NATHAN ANDRADE HENRIQUES.zip was received. It was sent by NATHAN ANDRADE HENRIQUES from IP 150.165.42.116 at 14-04-2023 11*26*54</message>
</record>
